Build started 17-12-2015 14:49:10.
     1>Project "C:\Users\School\Documents\KMintWeek4\Framework\SDLFramework\SDLFramework\SDLFramework.vcxproj" on node 2 (Build target(s)).
     1>ClCompile:
         C:\Programs\VisualStudio\VC\bin\CL.exe /c /I"C:\Users\School\Documents\KMintWeek4\Framework\SDLFramework\SDLFramework\../../SDL2-2.0.3/include" /I"C:\Users\School\Documents\KMintWeek4\Framework\SDLFramework\SDLFramework\../../SDL2_ttf-2.0.12/include" /I"C:\Users\School\Documents\KMintWeek4\Framework\SDLFramework\SDLFramework\../../SDL2_image-2.0.0/include" /ZI /nologo /W3 /WX- /sdl /Od /Oy- /D WIN32 /D _DEBUG /D _CONSOLE /D _LIB /D _UNICODE /D UNICODE /Gm /EHsc /RTC1 /MDd /GS /fp:precise /Zc:wchar_t /Zc:forScope /Zc:inline /Fo"Debug\\" /Fd"Debug\vc140.pdb" /Gd /TP /analyze- /errorReport:prompt ArriveBehaviour.cpp BaseGameEntity.cpp BaseVector.cpp Context.cpp Cow.cpp DrawScreen.cpp FleeBehaviour.cpp FWApplication.cpp GameWorld.cpp Main.cpp MovingEntity.cpp Rabbit.cpp SeekBehaviour.cpp SteeringBehaviour.cpp Unit.cpp Vector.cpp
         Vector.cpp
         Unit.cpp
         SteeringBehaviour.cpp
         SeekBehaviour.cpp
         Rabbit.cpp
     1>c:\users\school\documents\kmintweek4\framework\sdlframework\sdlframework\rabbit.cpp(16): warning C4305: 'argument': truncation from 'double' to 'float'
         MovingEntity.cpp
         Main.cpp
         GameWorld.cpp
     1>c:\users\school\documents\kmintweek4\framework\sdlframework\sdlframework\gameworld.cpp(16): warning C4018: '<': signed/unsigned mismatch
     1>c:\users\school\documents\kmintweek4\framework\sdlframework\sdlframework\gameworld.cpp(17): warning C4244: 'argument': conversion from 'double' to 'float', possible loss of data
         FWApplication.cpp
     1>c:\users\school\documents\kmintweek4\framework\sdlframework\sdlframework\fwapplication.cpp(333): warning C4838: conversion from 'uint32_t' to 'Uint8' requires a narrowing conversion
         FleeBehaviour.cpp
         DrawScreen.cpp
     1>c:\users\school\documents\kmintweek4\framework\sdlframework\sdlframework\drawscreen.cpp(22): warning C4018: '<': signed/unsigned mismatch
     1>c:\users\school\documents\kmintweek4\framework\sdlframework\sdlframework\drawscreen.cpp(23): warning C4244: 'argument': conversion from 'float' to 'int', possible loss of data
         Cow.cpp
     1>c:\users\school\documents\kmintweek4\framework\sdlframework\sdlframework\cow.cpp(16): warning C4305: 'argument': truncation from 'double' to 'float'
         Context.cpp
     1>c:\users\school\documents\kmintweek4\framework\sdlframework\sdlframework\context.cpp(62): warning C4244: 'argument': conversion from 'Sint32' to 'float', possible loss of data
     1>c:\users\school\documents\kmintweek4\framework\sdlframework\sdlframework\context.cpp(66): warning C4244: 'argument': conversion from 'Sint32' to 'float', possible loss of data
         BaseVector.cpp
         BaseGameEntity.cpp
         ArriveBehaviour.cpp
         Generating Code...
       Link:
         C:\Programs\VisualStudio\VC\bin\link.exe /ERRORREPORT:PROMPT /OUT:"C:\Users\School\Documents\KMintWeek4\Framework\SDLFramework\Debug\SDLFramework.exe" /INCREMENTAL /NOLOGO /LIBPATH:"C:\Users\School\Documents\KMintWeek4\Framework\SDLFramework\SDLFramework\../../SDL2-2.0.3/lib/x86" /LIBPATH:"C:\Users\School\Documents\KMintWeek4\Framework\SDLFramework\SDLFramework\../../SDL2_ttf-2.0.12/lib/x86" /LIBPATH:"C:\Users\School\Documents\KMintWeek4\Framework\SDLFramework\SDLFramework\../../SDL2_image-2.0.0/lib/x86" SDL2.lib SDL2main.lib SDL2test.lib SDL2_ttf.lib SDL2_image.lib kernel32.lib user32.lib gdi32.lib winspool.lib comdlg32.lib advapi32.lib shell32.lib ole32.lib oleaut32.lib uuid.lib odbc32.lib odbccp32.lib /MANIFEST /MANIFESTUAC:"level='asInvoker' uiAccess='false'" /manifest:embed /Debug /PDB:"C:\Users\School\Documents\KMintWeek4\Framework\SDLFramework\Debug\SDLFramework.pdb" /SUBSYSTEM:CONSOLE /TLBID:1 /DYNAMICBASE /NXCOMPAT /IMPLIB:"C:\Users\School\Documents\KMintWeek4\Framework\SDLFramework\Debug\SDLFramework.lib" /MACHINE:X86 Debug\ArriveBehaviour.obj
         Debug\BaseGameEntity.obj
         Debug\BaseVector.obj
         Debug\Context.obj
         Debug\Cow.obj
         Debug\DrawScreen.obj
         Debug\FleeBehaviour.obj
         Debug\FWApplication.obj
         Debug\GameWorld.obj
         Debug\Main.obj
         Debug\MovingEntity.obj
         Debug\Rabbit.obj
         Debug\SeekBehaviour.obj
         Debug\SteeringBehaviour.obj
         Debug\Unit.obj
         Debug\Vector.obj
         SDLFramework.vcxproj -> C:\Users\School\Documents\KMintWeek4\Framework\SDLFramework\Debug\SDLFramework.exe
     1>Done Building Project "C:\Users\School\Documents\KMintWeek4\Framework\SDLFramework\SDLFramework\SDLFramework.vcxproj" (Build target(s)).

Build succeeded.

Time Elapsed 00:00:02.34
