c:\users\school\documents\kmintweek4 - kopie\framework\sdlframework\sdlframework\debug\vc140.pdb
c:\users\school\documents\kmintweek4 - kopie\framework\sdlframework\sdlframework\debug\vc140.idb
c:\users\school\documents\kmintweek4 - kopie\framework\sdlframework\sdlframework\debug\c2dmatrix.obj
c:\users\school\documents\kmintweek4 - kopie\framework\sdlframework\sdlframework\debug\cowentity.obj
c:\users\school\documents\kmintweek4 - kopie\framework\sdlframework\sdlframework\debug\fwapplication.obj
c:\users\school\documents\kmintweek4 - kopie\framework\sdlframework\sdlframework\debug\gameworld.obj
c:\users\school\documents\kmintweek4 - kopie\framework\sdlframework\sdlframework\debug\igameobject.obj
c:\users\school\documents\kmintweek4 - kopie\framework\sdlframework\sdlframework\debug\main.obj
c:\users\school\documents\kmintweek4 - kopie\framework\sdlframework\sdlframework\debug\movingentity.obj
c:\users\school\documents\kmintweek4 - kopie\framework\sdlframework\sdlframework\debug\rabbitentity.obj
c:\users\school\documents\kmintweek4 - kopie\framework\sdlframework\sdlframework\debug\steeringbehaviours.obj
c:\users\school\documents\kmintweek4 - kopie\framework\sdlframework\sdlframework\debug\transformations.obj
c:\users\school\documents\kmintweek4 - kopie\framework\sdlframework\sdlframework\debug\context.obj
c:\users\school\documents\kmintweek4 - kopie\framework\sdlframework\debug\sdlframework.pdb
c:\users\school\documents\kmintweek4 - kopie\framework\sdlframework\sdlframework\debug\sdlframework.tlog\cl.command.1.tlog
c:\users\school\documents\kmintweek4 - kopie\framework\sdlframework\sdlframework\debug\sdlframework.tlog\cl.read.1.tlog
c:\users\school\documents\kmintweek4 - kopie\framework\sdlframework\sdlframework\debug\sdlframework.tlog\cl.write.1.tlog
c:\users\school\documents\kmintweek4 - kopie\framework\sdlframework\sdlframework\debug\sdlframework.tlog\link.12784-cvtres.read.1.tlog
c:\users\school\documents\kmintweek4 - kopie\framework\sdlframework\sdlframework\debug\sdlframework.tlog\link.12784-cvtres.write.1.tlog
c:\users\school\documents\kmintweek4 - kopie\framework\sdlframework\sdlframework\debug\sdlframework.tlog\link.12784-rc.read.1.tlog
c:\users\school\documents\kmintweek4 - kopie\framework\sdlframework\sdlframework\debug\sdlframework.tlog\link.12784-rc.write.1.tlog
c:\users\school\documents\kmintweek4 - kopie\framework\sdlframework\sdlframework\debug\sdlframework.tlog\link.12784.read.1.tlog
c:\users\school\documents\kmintweek4 - kopie\framework\sdlframework\sdlframework\debug\sdlframework.tlog\link.12784.write.1.tlog
c:\users\school\documents\kmintweek4 - kopie\framework\sdlframework\sdlframework\debug\sdlframework.tlog\link.command.1.tlog
c:\users\school\documents\kmintweek4 - kopie\framework\sdlframework\sdlframework\debug\sdlframework.tlog\link.read.1.tlog
c:\users\school\documents\kmintweek4 - kopie\framework\sdlframework\sdlframework\debug\sdlframework.tlog\link.write.1.tlog
